2009/02/15 14:28:35 [trace] [system.base.CApplication] Loading "log" application component
2009/02/15 14:28:35 [trace] [system.base.CApplication] Loading "urlManager" application component
2009/02/15 14:28:35 [trace] [system.base.CApplication] Loading "request" application component
2009/02/15 14:28:35 [trace] [system.base.CApplication] Loading "user" application component
2009/02/15 14:28:35 [trace] [system.base.CApplication] Loading "session" application component
2009/02/15 14:28:35 [trace] [system.base.CApplication] Loading "clientScript" application component
2009/02/15 14:28:37 [trace] [system.base.CApplication] Loading "log" application component
2009/02/15 14:28:37 [trace] [system.base.CApplication] Loading "urlManager" application component
2009/02/15 14:28:37 [trace] [system.base.CApplication] Loading "request" application component
2009/02/15 14:28:37 [trace] [system.base.CApplication] Loading "user" application component
2009/02/15 14:28:37 [trace] [system.base.CApplication] Loading "session" application component
2009/02/15 14:28:37 [trace] [system.base.CApplication] Loading "clientScript" application component
2009/02/15 14:28:37 [trace] [system.base.CApplication] Loading "coreMessages" application component
2009/02/15 14:28:37 [trace] [system.base.CApplication] Loading "assetManager" application component
2009/02/15 14:28:38 [trace] [system.base.CApplication] Loading "log" application component
2009/02/15 14:28:38 [trace] [system.base.CApplication] Loading "urlManager" application component
2009/02/15 14:28:38 [trace] [system.base.CApplication] Loading "request" application component
2009/02/15 14:28:38 [trace] [system.base.CApplication] Loading "session" application component
2009/02/15 14:28:38 [trace] [system.base.CApplication] Loading "log" application component
2009/02/15 14:28:38 [trace] [system.base.CApplication] Loading "urlManager" application component
2009/02/15 14:28:38 [trace] [system.base.CApplication] Loading "request" application component
2009/02/15 14:28:38 [trace] [system.base.CApplication] Loading "user" application component
2009/02/15 14:28:38 [trace] [system.base.CApplication] Loading "session" application component
2009/02/15 14:28:38 [trace] [system.base.CApplication] Loading "clientScript" application component
2009/02/15 14:30:48 [trace] [system.base.CApplication] Loading "log" application component
2009/02/15 14:30:48 [trace] [system.base.CApplication] Loading "urlManager" application component
2009/02/15 14:30:48 [trace] [system.base.CApplication] Loading "request" application component
2009/02/15 14:30:48 [trace] [system.web.filters.CFilterChain] Running filter UserController.filteraccessControl()
2009/02/15 14:30:48 [trace] [system.base.CApplication] Loading "user" application component
2009/02/15 14:30:48 [trace] [system.base.CApplication] Loading "session" application component
2009/02/15 14:30:48 [trace] [system.base.CApplication] Loading "db" application component
2009/02/15 14:30:48 [trace] [system.db.CDbCommand] query with SQL: SHOW COLUMNS FROM `User`
2009/02/15 14:30:48 [trace] [system.db.CDbCommand] query with SQL: SHOW CREATE TABLE `User`
2009/02/15 14:30:48 [trace] [system.db.CDbCommand] query with SQL: SELECT COUNT(*) FROM `User`
2009/02/15 14:30:48 [trace] [system.db.CDbCommand] query with SQL: SHOW COLUMNS FROM `Group`
2009/02/15 14:30:48 [trace] [system.db.CDbCommand] query with SQL: SHOW CREATE TABLE `Group`
2009/02/15 14:30:48 [trace] [system.db.CDbCommand] query with SQL: SELECT `User`.`id` AS t0_c0, `User`.`username` AS t0_c1, `User`.`password` AS t0_c2, `User`.`email` AS t0_c3, `User`.`email_visible` AS t0_c4, `User`.`notify_comments` AS t0_c5, `User`.`notify_messages` AS t0_c6, `User`.`about` AS t0_c7, `User`.`group_id` AS t0_c8, `User`.`email_confirmed` AS t0_c9, `User`.`created` AS t0_c10, `User`.`modified` AS t0_c11, t1.`id` AS t1_c0, t1.`name` AS t1_c1 FROM `User`  LEFT OUTER JOIN `Group` t1 ON `User`.`group_id`=t1.`id` LIMIT 25
2009/02/15 14:30:48 [trace] [system.base.CApplication] Loading "clientScript" application component
2009/02/15 14:30:48 [trace] [system.base.CApplication] Loading "coreMessages" application component
2009/02/15 14:30:48 [trace] [system.base.CApplication] Loading "assetManager" application component
2009/02/15 14:30:49 [trace] [system.base.CApplication] Loading "log" application component
2009/02/15 14:30:49 [trace] [system.base.CApplication] Loading "urlManager" application component
2009/02/15 14:30:49 [trace] [system.base.CApplication] Loading "request" application component
2009/02/15 14:30:49 [trace] [system.web.filters.CFilterChain] Running filter UserController.filteraccessControl()
2009/02/15 14:30:49 [trace] [system.base.CApplication] Loading "user" application component
2009/02/15 14:30:49 [trace] [system.base.CApplication] Loading "session" application component
2009/02/15 14:30:49 [trace] [system.base.CApplication] Loading "db" application component
2009/02/15 14:30:49 [trace] [system.db.CDbCommand] query with SQL: SHOW COLUMNS FROM `User`
2009/02/15 14:30:49 [trace] [system.db.CDbCommand] query with SQL: SHOW CREATE TABLE `User`
2009/02/15 14:30:49 [trace] [system.db.CDbCommand] query with SQL: SELECT COUNT(*) FROM `User`
2009/02/15 14:30:49 [trace] [system.db.CDbCommand] query with SQL: SHOW COLUMNS FROM `Group`
2009/02/15 14:30:49 [trace] [system.db.CDbCommand] query with SQL: SHOW CREATE TABLE `Group`
2009/02/15 14:30:49 [trace] [system.db.CDbCommand] query with SQL: SELECT `User`.`id` AS t0_c0, `User`.`username` AS t0_c1, `User`.`password` AS t0_c2, `User`.`email` AS t0_c3, `User`.`email_visible` AS t0_c4, `User`.`notify_comments` AS t0_c5, `User`.`notify_messages` AS t0_c6, `User`.`about` AS t0_c7, `User`.`group_id` AS t0_c8, `User`.`email_confirmed` AS t0_c9, `User`.`created` AS t0_c10, `User`.`modified` AS t0_c11, t1.`id` AS t1_c0, t1.`name` AS t1_c1 FROM `User`  LEFT OUTER JOIN `Group` t1 ON `User`.`group_id`=t1.`id` ORDER BY user.group_id LIMIT 25
2009/02/15 14:30:49 [trace] [system.base.CApplication] Loading "coreMessages" application component
2009/02/15 14:30:50 [trace] [system.base.CApplication] Loading "clientScript" application component
2009/02/15 14:30:50 [trace] [system.base.CApplication] Loading "log" application component
2009/02/15 14:30:50 [trace] [system.base.CApplication] Loading "urlManager" application component
2009/02/15 14:30:50 [trace] [system.base.CApplication] Loading "request" application component
2009/02/15 14:30:50 [trace] [system.web.filters.CFilterChain] Running filter UserController.filteraccessControl()
2009/02/15 14:30:50 [trace] [system.base.CApplication] Loading "user" application component
2009/02/15 14:30:50 [trace] [system.base.CApplication] Loading "session" application component
2009/02/15 14:30:50 [trace] [system.base.CApplication] Loading "db" application component
2009/02/15 14:30:50 [trace] [system.db.CDbCommand] query with SQL: SHOW COLUMNS FROM `User`
2009/02/15 14:30:50 [trace] [system.db.CDbCommand] query with SQL: SHOW CREATE TABLE `User`
2009/02/15 14:30:50 [trace] [system.db.CDbCommand] query with SQL: SELECT COUNT(*) FROM `User`
2009/02/15 14:30:50 [trace] [system.db.CDbCommand] query with SQL: SHOW COLUMNS FROM `Group`
2009/02/15 14:30:50 [trace] [system.db.CDbCommand] query with SQL: SHOW CREATE TABLE `Group`
2009/02/15 14:30:50 [trace] [system.db.CDbCommand] query with SQL: SELECT `User`.`id` AS t0_c0, `User`.`username` AS t0_c1, `User`.`password` AS t0_c2, `User`.`email` AS t0_c3, `User`.`email_visible` AS t0_c4, `User`.`notify_comments` AS t0_c5, `User`.`notify_messages` AS t0_c6, `User`.`about` AS t0_c7, `User`.`group_id` AS t0_c8, `User`.`email_confirmed` AS t0_c9, `User`.`created` AS t0_c10, `User`.`modified` AS t0_c11, t1.`id` AS t1_c0, t1.`name` AS t1_c1 FROM `User`  LEFT OUTER JOIN `Group` t1 ON `User`.`group_id`=t1.`id` ORDER BY user.group_id DESC LIMIT 25
2009/02/15 14:30:50 [trace] [system.base.CApplication] Loading "coreMessages" application component
2009/02/15 14:30:50 [trace] [system.base.CApplication] Loading "clientScript" application component
2009/02/15 14:30:51 [trace] [system.base.CApplication] Loading "log" application component
2009/02/15 14:30:51 [trace] [system.base.CApplication] Loading "urlManager" application component
2009/02/15 14:30:51 [trace] [system.base.CApplication] Loading "request" application component
2009/02/15 14:30:51 [trace] [system.web.filters.CFilterChain] Running filter UserController.filteraccessControl()
2009/02/15 14:30:51 [trace] [system.base.CApplication] Loading "user" application component
2009/02/15 14:30:51 [trace] [system.base.CApplication] Loading "session" application component
2009/02/15 14:30:51 [trace] [system.base.CApplication] Loading "db" application component
2009/02/15 14:30:51 [trace] [system.db.CDbCommand] query with SQL: SHOW COLUMNS FROM `User`
2009/02/15 14:30:51 [trace] [system.db.CDbCommand] query with SQL: SHOW CREATE TABLE `User`
2009/02/15 14:30:51 [trace] [system.db.CDbCommand] query with SQL: SELECT COUNT(*) FROM `User`
2009/02/15 14:30:51 [trace] [system.db.CDbCommand] query with SQL: SHOW COLUMNS FROM `Group`
2009/02/15 14:30:51 [trace] [system.db.CDbCommand] query with SQL: SHOW CREATE TABLE `Group`
2009/02/15 14:30:51 [trace] [system.db.CDbCommand] query with SQL: SELECT `User`.`id` AS t0_c0, `User`.`username` AS t0_c1, `User`.`password` AS t0_c2, `User`.`email` AS t0_c3, `User`.`email_visible` AS t0_c4, `User`.`notify_comments` AS t0_c5, `User`.`notify_messages` AS t0_c6, `User`.`about` AS t0_c7, `User`.`group_id` AS t0_c8, `User`.`email_confirmed` AS t0_c9, `User`.`created` AS t0_c10, `User`.`modified` AS t0_c11, t1.`id` AS t1_c0, t1.`name` AS t1_c1 FROM `User`  LEFT OUTER JOIN `Group` t1 ON `User`.`group_id`=t1.`id` ORDER BY user.email, user.group_id DESC LIMIT 25
2009/02/15 14:30:51 [trace] [system.base.CApplication] Loading "coreMessages" application component
2009/02/15 14:30:51 [trace] [system.base.CApplication] Loading "clientScript" application component
2009/02/15 14:30:52 [trace] [system.base.CApplication] Loading "log" application component
2009/02/15 14:30:52 [trace] [system.base.CApplication] Loading "urlManager" application component
2009/02/15 14:30:52 [trace] [system.base.CApplication] Loading "request" application component
2009/02/15 14:30:52 [trace] [system.web.filters.CFilterChain] Running filter UserController.filteraccessControl()
2009/02/15 14:30:52 [trace] [system.base.CApplication] Loading "user" application component
2009/02/15 14:30:52 [trace] [system.base.CApplication] Loading "session" application component
2009/02/15 14:30:52 [trace] [system.base.CApplication] Loading "db" application component
2009/02/15 14:30:52 [trace] [system.db.CDbCommand] query with SQL: SHOW COLUMNS FROM `User`
2009/02/15 14:30:52 [trace] [system.db.CDbCommand] query with SQL: SHOW CREATE TABLE `User`
2009/02/15 14:30:52 [trace] [system.db.CDbCommand] query with SQL: SELECT COUNT(*) FROM `User`
2009/02/15 14:30:52 [trace] [system.db.CDbCommand] query with SQL: SHOW COLUMNS FROM `Group`
2009/02/15 14:30:52 [trace] [system.db.CDbCommand] query with SQL: SHOW CREATE TABLE `Group`
2009/02/15 14:30:52 [trace] [system.db.CDbCommand] query with SQL: SELECT `User`.`id` AS t0_c0, `User`.`username` AS t0_c1, `User`.`password` AS t0_c2, `User`.`email` AS t0_c3, `User`.`email_visible` AS t0_c4, `User`.`notify_comments` AS t0_c5, `User`.`notify_messages` AS t0_c6, `User`.`about` AS t0_c7, `User`.`group_id` AS t0_c8, `User`.`email_confirmed` AS t0_c9, `User`.`created` AS t0_c10, `User`.`modified` AS t0_c11, t1.`id` AS t1_c0, t1.`name` AS t1_c1 FROM `User`  LEFT OUTER JOIN `Group` t1 ON `User`.`group_id`=t1.`id` ORDER BY user.email DESC, user.group_id DESC LIMIT 25
2009/02/15 14:30:52 [trace] [system.base.CApplication] Loading "coreMessages" application component
2009/02/15 14:30:52 [trace] [system.base.CApplication] Loading "clientScript" application component
2009/02/15 14:30:53 [trace] [system.base.CApplication] Loading "log" application component
2009/02/15 14:30:53 [trace] [system.base.CApplication] Loading "urlManager" application component
2009/02/15 14:30:53 [trace] [system.base.CApplication] Loading "request" application component
2009/02/15 14:30:53 [trace] [system.web.filters.CFilterChain] Running filter UserController.filteraccessControl()
2009/02/15 14:30:53 [trace] [system.base.CApplication] Loading "user" application component
2009/02/15 14:30:53 [trace] [system.base.CApplication] Loading "session" application component
2009/02/15 14:30:53 [trace] [system.base.CApplication] Loading "db" application component
2009/02/15 14:30:53 [trace] [system.db.CDbCommand] query with SQL: SHOW COLUMNS FROM `User`
2009/02/15 14:30:53 [trace] [system.db.CDbCommand] query with SQL: SHOW CREATE TABLE `User`
2009/02/15 14:30:53 [trace] [system.db.CDbCommand] query with SQL: SELECT COUNT(*) FROM `User`
2009/02/15 14:30:53 [trace] [system.db.CDbCommand] query with SQL: SHOW COLUMNS FROM `Group`
2009/02/15 14:30:53 [trace] [system.db.CDbCommand] query with SQL: SHOW CREATE TABLE `Group`
2009/02/15 14:30:53 [trace] [system.db.CDbCommand] query with SQL: SELECT `User`.`id` AS t0_c0, `User`.`username` AS t0_c1, `User`.`password` AS t0_c2, `User`.`email` AS t0_c3, `User`.`email_visible` AS t0_c4, `User`.`notify_comments` AS t0_c5, `User`.`notify_messages` AS t0_c6, `User`.`about` AS t0_c7, `User`.`group_id` AS t0_c8, `User`.`email_confirmed` AS t0_c9, `User`.`created` AS t0_c10, `User`.`modified` AS t0_c11, t1.`id` AS t1_c0, t1.`name` AS t1_c1 FROM `User`  LEFT OUTER JOIN `Group` t1 ON `User`.`group_id`=t1.`id` ORDER BY user.created, user.email DESC, user.group_id DESC LIMIT 25
2009/02/15 14:30:53 [trace] [system.base.CApplication] Loading "coreMessages" application component
2009/02/15 14:30:53 [trace] [system.base.CApplication] Loading "clientScript" application component
2009/02/15 14:30:54 [trace] [system.base.CApplication] Loading "log" application component
2009/02/15 14:30:54 [trace] [system.base.CApplication] Loading "urlManager" application component
2009/02/15 14:30:54 [trace] [system.base.CApplication] Loading "request" application component
2009/02/15 14:30:54 [trace] [system.web.filters.CFilterChain] Running filter UserController.filteraccessControl()
2009/02/15 14:30:54 [trace] [system.base.CApplication] Loading "user" application component
2009/02/15 14:30:54 [trace] [system.base.CApplication] Loading "session" application component
2009/02/15 14:30:54 [trace] [system.base.CApplication] Loading "db" application component
2009/02/15 14:30:54 [trace] [system.db.CDbCommand] query with SQL: SHOW COLUMNS FROM `User`
2009/02/15 14:30:54 [trace] [system.db.CDbCommand] query with SQL: SHOW CREATE TABLE `User`
2009/02/15 14:30:54 [trace] [system.db.CDbCommand] query with SQL: SELECT COUNT(*) FROM `User`
2009/02/15 14:30:54 [trace] [system.db.CDbCommand] query with SQL: SHOW COLUMNS FROM `Group`
2009/02/15 14:30:54 [trace] [system.db.CDbCommand] query with SQL: SHOW CREATE TABLE `Group`
2009/02/15 14:30:54 [trace] [system.db.CDbCommand] query with SQL: SELECT `User`.`id` AS t0_c0, `User`.`username` AS t0_c1, `User`.`password` AS t0_c2, `User`.`email` AS t0_c3, `User`.`email_visible` AS t0_c4, `User`.`notify_comments` AS t0_c5, `User`.`notify_messages` AS t0_c6, `User`.`about` AS t0_c7, `User`.`group_id` AS t0_c8, `User`.`email_confirmed` AS t0_c9, `User`.`created` AS t0_c10, `User`.`modified` AS t0_c11, t1.`id` AS t1_c0, t1.`name` AS t1_c1 FROM `User`  LEFT OUTER JOIN `Group` t1 ON `User`.`group_id`=t1.`id` ORDER BY user.created DESC, user.email DESC, user.group_id DESC LIMIT 25
2009/02/15 14:30:54 [trace] [system.base.CApplication] Loading "coreMessages" application component
2009/02/15 14:30:54 [trace] [system.base.CApplication] Loading "clientScript" application component
2009/02/15 14:30:55 [trace] [system.base.CApplication] Loading "log" application component
2009/02/15 14:30:55 [trace] [system.base.CApplication] Loading "urlManager" application component
2009/02/15 14:30:55 [trace] [system.base.CApplication] Loading "request" application component
2009/02/15 14:30:55 [trace] [system.web.filters.CFilterChain] Running filter UserController.filteraccessControl()
2009/02/15 14:30:55 [trace] [system.base.CApplication] Loading "user" application component
2009/02/15 14:30:55 [trace] [system.base.CApplication] Loading "session" application component
2009/02/15 14:30:55 [trace] [system.base.CApplication] Loading "db" application component
2009/02/15 14:30:55 [trace] [system.db.CDbCommand] query with SQL: SHOW COLUMNS FROM `User`
2009/02/15 14:30:55 [trace] [system.db.CDbCommand] query with SQL: SHOW CREATE TABLE `User`
2009/02/15 14:30:55 [trace] [system.db.CDbCommand] query with SQL: SELECT COUNT(*) FROM `User`
2009/02/15 14:30:55 [trace] [system.db.CDbCommand] query with SQL: SHOW COLUMNS FROM `Group`
2009/02/15 14:30:55 [trace] [system.db.CDbCommand] query with SQL: SHOW CREATE TABLE `Group`
2009/02/15 14:30:55 [trace] [system.db.CDbCommand] query with SQL: SELECT `User`.`id` AS t0_c0, `User`.`username` AS t0_c1, `User`.`password` AS t0_c2, `User`.`email` AS t0_c3, `User`.`email_visible` AS t0_c4, `User`.`notify_comments` AS t0_c5, `User`.`notify_messages` AS t0_c6, `User`.`about` AS t0_c7, `User`.`group_id` AS t0_c8, `User`.`email_confirmed` AS t0_c9, `User`.`created` AS t0_c10, `User`.`modified` AS t0_c11, t1.`id` AS t1_c0, t1.`name` AS t1_c1 FROM `User`  LEFT OUTER JOIN `Group` t1 ON `User`.`group_id`=t1.`id` ORDER BY user.email_confirmed, user.created DESC, user.email DESC, user.group_id DESC LIMIT 25
2009/02/15 14:30:55 [trace] [system.base.CApplication] Loading "coreMessages" application component
2009/02/15 14:30:55 [trace] [system.base.CApplication] Loading "clientScript" application component
2009/02/15 14:30:55 [trace] [system.base.CApplication] Loading "log" application component
2009/02/15 14:30:55 [trace] [system.base.CApplication] Loading "urlManager" application component
2009/02/15 14:30:55 [trace] [system.base.CApplication] Loading "request" application component
2009/02/15 14:30:55 [trace] [system.web.filters.CFilterChain] Running filter UserController.filteraccessControl()
2009/02/15 14:30:56 [trace] [system.base.CApplication] Loading "user" application component
2009/02/15 14:30:56 [trace] [system.base.CApplication] Loading "session" application component
2009/02/15 14:30:56 [trace] [system.base.CApplication] Loading "db" application component
2009/02/15 14:30:56 [trace] [system.db.CDbCommand] query with SQL: SHOW COLUMNS FROM `User`
2009/02/15 14:30:56 [trace] [system.db.CDbCommand] query with SQL: SHOW CREATE TABLE `User`
2009/02/15 14:30:56 [trace] [system.db.CDbCommand] query with SQL: SELECT COUNT(*) FROM `User`
2009/02/15 14:30:56 [trace] [system.db.CDbCommand] query with SQL: SHOW COLUMNS FROM `Group`
2009/02/15 14:30:56 [trace] [system.db.CDbCommand] query with SQL: SHOW CREATE TABLE `Group`
2009/02/15 14:30:56 [trace] [system.db.CDbCommand] query with SQL: SELECT `User`.`id` AS t0_c0, `User`.`username` AS t0_c1, `User`.`password` AS t0_c2, `User`.`email` AS t0_c3, `User`.`email_visible` AS t0_c4, `User`.`notify_comments` AS t0_c5, `User`.`notify_messages` AS t0_c6, `User`.`about` AS t0_c7, `User`.`group_id` AS t0_c8, `User`.`email_confirmed` AS t0_c9, `User`.`created` AS t0_c10, `User`.`modified` AS t0_c11, t1.`id` AS t1_c0, t1.`name` AS t1_c1 FROM `User`  LEFT OUTER JOIN `Group` t1 ON `User`.`group_id`=t1.`id` ORDER BY user.email_confirmed DESC, user.created DESC, user.email DESC, user.group_id DESC LIMIT 25
2009/02/15 14:30:56 [trace] [system.base.CApplication] Loading "coreMessages" application component
2009/02/15 14:30:56 [trace] [system.base.CApplication] Loading "clientScript" application component
2009/02/15 14:30:57 [trace] [system.base.CApplication] Loading "log" application component
2009/02/15 14:30:57 [trace] [system.base.CApplication] Loading "urlManager" application component
2009/02/15 14:30:57 [trace] [system.base.CApplication] Loading "request" application component
2009/02/15 14:30:57 [trace] [system.web.filters.CFilterChain] Running filter UserController.filteraccessControl()
2009/02/15 14:30:57 [trace] [system.base.CApplication] Loading "user" application component
2009/02/15 14:30:57 [trace] [system.base.CApplication] Loading "session" application component
2009/02/15 14:30:57 [trace] [system.base.CApplication] Loading "db" application component
2009/02/15 14:30:57 [trace] [system.db.CDbCommand] query with SQL: SHOW COLUMNS FROM `User`
2009/02/15 14:30:57 [trace] [system.db.CDbCommand] query with SQL: SHOW CREATE TABLE `User`
2009/02/15 14:30:57 [trace] [system.db.CDbCommand] query with SQL: SELECT COUNT(*) FROM `User`
2009/02/15 14:30:57 [trace] [system.db.CDbCommand] query with SQL: SHOW COLUMNS FROM `Group`
2009/02/15 14:30:57 [trace] [system.db.CDbCommand] query with SQL: SHOW CREATE TABLE `Group`
2009/02/15 14:30:57 [trace] [system.db.CDbCommand] query with SQL: SELECT `User`.`id` AS t0_c0, `User`.`username` AS t0_c1, `User`.`password` AS t0_c2, `User`.`email` AS t0_c3, `User`.`email_visible` AS t0_c4, `User`.`notify_comments` AS t0_c5, `User`.`notify_messages` AS t0_c6, `User`.`about` AS t0_c7, `User`.`group_id` AS t0_c8, `User`.`email_confirmed` AS t0_c9, `User`.`created` AS t0_c10, `User`.`modified` AS t0_c11, t1.`id` AS t1_c0, t1.`name` AS t1_c1 FROM `User`  LEFT OUTER JOIN `Group` t1 ON `User`.`group_id`=t1.`id` ORDER BY user.username, user.email_confirmed DESC, user.created DESC, user.email DESC, user.group_id DESC LIMIT 25
2009/02/15 14:30:57 [trace] [system.base.CApplication] Loading "coreMessages" application component
2009/02/15 14:30:57 [trace] [system.base.CApplication] Loading "clientScript" application component
2009/02/15 14:30:58 [trace] [system.base.CApplication] Loading "log" application component
2009/02/15 14:30:58 [trace] [system.base.CApplication] Loading "urlManager" application component
2009/02/15 14:30:58 [trace] [system.base.CApplication] Loading "request" application component
2009/02/15 14:30:58 [trace] [system.web.filters.CFilterChain] Running filter UserController.filteraccessControl()
2009/02/15 14:30:58 [trace] [system.base.CApplication] Loading "user" application component
2009/02/15 14:30:58 [trace] [system.base.CApplication] Loading "session" application component
2009/02/15 14:30:58 [trace] [system.base.CApplication] Loading "db" application component
2009/02/15 14:30:58 [trace] [system.db.CDbCommand] query with SQL: SHOW COLUMNS FROM `User`
2009/02/15 14:30:58 [trace] [system.db.CDbCommand] query with SQL: SHOW CREATE TABLE `User`
2009/02/15 14:30:58 [trace] [system.db.CDbCommand] query with SQL: SELECT COUNT(*) FROM `User`
2009/02/15 14:30:58 [trace] [system.db.CDbCommand] query with SQL: SHOW COLUMNS FROM `Group`
2009/02/15 14:30:58 [trace] [system.db.CDbCommand] query with SQL: SHOW CREATE TABLE `Group`
2009/02/15 14:30:58 [trace] [system.db.CDbCommand] query with SQL: SELECT `User`.`id` AS t0_c0, `User`.`username` AS t0_c1, `User`.`password` AS t0_c2, `User`.`email` AS t0_c3, `User`.`email_visible` AS t0_c4, `User`.`notify_comments` AS t0_c5, `User`.`notify_messages` AS t0_c6, `User`.`about` AS t0_c7, `User`.`group_id` AS t0_c8, `User`.`email_confirmed` AS t0_c9, `User`.`created` AS t0_c10, `User`.`modified` AS t0_c11, t1.`id` AS t1_c0, t1.`name` AS t1_c1 FROM `User`  LEFT OUTER JOIN `Group` t1 ON `User`.`group_id`=t1.`id` ORDER BY user.username DESC, user.email_confirmed DESC, user.created DESC, user.email DESC, user.group_id DESC LIMIT 25
2009/02/15 14:30:58 [trace] [system.base.CApplication] Loading "coreMessages" application component
2009/02/15 14:30:58 [trace] [system.base.CApplication] Loading "clientScript" application component
2009/02/15 14:31:08 [trace] [system.base.CApplication] Loading "log" application component
2009/02/15 14:31:08 [trace] [system.base.CApplication] Loading "urlManager" application component
2009/02/15 14:31:08 [trace] [system.base.CApplication] Loading "request" application component
2009/02/15 14:31:08 [trace] [system.web.filters.CFilterChain] Running filter UserController.filteraccessControl()
2009/02/15 14:31:08 [trace] [system.base.CApplication] Loading "user" application component
2009/02/15 14:31:08 [trace] [system.base.CApplication] Loading "session" application component
2009/02/15 14:31:08 [trace] [system.base.CApplication] Loading "db" application component
2009/02/15 14:31:08 [trace] [system.db.CDbCommand] query with SQL: SHOW COLUMNS FROM `User`
2009/02/15 14:31:08 [trace] [system.db.CDbCommand] query with SQL: SHOW CREATE TABLE `User`
2009/02/15 14:31:08 [trace] [system.db.CDbCommand] query with SQL: SELECT COUNT(*) FROM `User`
2009/02/15 14:31:08 [trace] [system.db.CDbCommand] query with SQL: SHOW COLUMNS FROM `Group`
2009/02/15 14:31:08 [trace] [system.db.CDbCommand] query with SQL: SHOW CREATE TABLE `Group`
2009/02/15 14:31:08 [trace] [system.db.CDbCommand] query with SQL: SELECT `User`.`id` AS t0_c0, `User`.`username` AS t0_c1, `User`.`password` AS t0_c2, `User`.`email` AS t0_c3, `User`.`email_visible` AS t0_c4, `User`.`notify_comments` AS t0_c5, `User`.`notify_messages` AS t0_c6, `User`.`about` AS t0_c7, `User`.`group_id` AS t0_c8, `User`.`email_confirmed` AS t0_c9, `User`.`created` AS t0_c10, `User`.`modified` AS t0_c11, t1.`id` AS t1_c0, t1.`name` AS t1_c1 FROM `User`  LEFT OUTER JOIN `Group` t1 ON `User`.`group_id`=t1.`id` LIMIT 25
2009/02/15 14:31:08 [trace] [system.base.CApplication] Loading "clientScript" application component
2009/02/15 14:31:08 [trace] [system.base.CApplication] Loading "coreMessages" application component
2009/02/15 14:31:08 [trace] [system.base.CApplication] Loading "assetManager" application component
2009/02/15 14:31:09 [trace] [system.base.CApplication] Loading "log" application component
2009/02/15 14:31:09 [trace] [system.base.CApplication] Loading "urlManager" application component
2009/02/15 14:31:09 [trace] [system.base.CApplication] Loading "request" application component
2009/02/15 14:31:09 [trace] [system.web.filters.CFilterChain] Running filter UserController.filteraccessControl()
2009/02/15 14:31:09 [trace] [system.base.CApplication] Loading "user" application component
2009/02/15 14:31:10 [trace] [system.base.CApplication] Loading "session" application component
2009/02/15 14:31:10 [trace] [system.base.CApplication] Loading "db" application component
2009/02/15 14:31:10 [trace] [system.db.CDbCommand] query with SQL: SHOW COLUMNS FROM `User`
2009/02/15 14:31:10 [trace] [system.db.CDbCommand] query with SQL: SHOW CREATE TABLE `User`
2009/02/15 14:31:10 [trace] [system.db.CDbCommand] query with SQL: SELECT COUNT(*) FROM `User`
2009/02/15 14:31:10 [trace] [system.db.CDbCommand] query with SQL: SHOW COLUMNS FROM `Group`
2009/02/15 14:31:10 [trace] [system.db.CDbCommand] query with SQL: SHOW CREATE TABLE `Group`
2009/02/15 14:31:10 [trace] [system.db.CDbCommand] query with SQL: SELECT `User`.`id` AS t0_c0, `User`.`username` AS t0_c1, `User`.`password` AS t0_c2, `User`.`email` AS t0_c3, `User`.`email_visible` AS t0_c4, `User`.`notify_comments` AS t0_c5, `User`.`notify_messages` AS t0_c6, `User`.`about` AS t0_c7, `User`.`group_id` AS t0_c8, `User`.`email_confirmed` AS t0_c9, `User`.`created` AS t0_c10, `User`.`modified` AS t0_c11, t1.`id` AS t1_c0, t1.`name` AS t1_c1 FROM `User`  LEFT OUTER JOIN `Group` t1 ON `User`.`group_id`=t1.`id` ORDER BY user.group_id LIMIT 25
2009/02/15 14:31:10 [trace] [system.base.CApplication] Loading "clientScript" application component
2009/02/15 14:31:10 [trace] [system.base.CApplication] Loading "coreMessages" application component
2009/02/15 14:31:10 [trace] [system.base.CApplication] Loading "assetManager" application component
2009/02/15 14:31:10 [trace] [system.base.CApplication] Loading "log" application component
2009/02/15 14:31:10 [trace] [system.base.CApplication] Loading "urlManager" application component
2009/02/15 14:31:10 [trace] [system.base.CApplication] Loading "request" application component
2009/02/15 14:31:10 [trace] [system.web.filters.CFilterChain] Running filter UserController.filteraccessControl()
2009/02/15 14:31:10 [trace] [system.base.CApplication] Loading "user" application component
2009/02/15 14:31:10 [trace] [system.base.CApplication] Loading "session" application component
2009/02/15 14:31:10 [trace] [system.base.CApplication] Loading "db" application component
2009/02/15 14:31:10 [trace] [system.db.CDbCommand] query with SQL: SHOW COLUMNS FROM `User`
2009/02/15 14:31:10 [trace] [system.db.CDbCommand] query with SQL: SHOW CREATE TABLE `User`
2009/02/15 14:31:10 [trace] [system.db.CDbCommand] query with SQL: SELECT COUNT(*) FROM `User`
2009/02/15 14:31:10 [trace] [system.db.CDbCommand] query with SQL: SHOW COLUMNS FROM `Group`
2009/02/15 14:31:10 [trace] [system.db.CDbCommand] query with SQL: SHOW CREATE TABLE `Group`
2009/02/15 14:31:10 [trace] [system.db.CDbCommand] query with SQL: SELECT `User`.`id` AS t0_c0, `User`.`username` AS t0_c1, `User`.`password` AS t0_c2, `User`.`email` AS t0_c3, `User`.`email_visible` AS t0_c4, `User`.`notify_comments` AS t0_c5, `User`.`notify_messages` AS t0_c6, `User`.`about` AS t0_c7, `User`.`group_id` AS t0_c8, `User`.`email_confirmed` AS t0_c9, `User`.`created` AS t0_c10, `User`.`modified` AS t0_c11, t1.`id` AS t1_c0, t1.`name` AS t1_c1 FROM `User`  LEFT OUTER JOIN `Group` t1 ON `User`.`group_id`=t1.`id` ORDER BY user.group_id DESC LIMIT 25
2009/02/15 14:31:10 [trace] [system.base.CApplication] Loading "clientScript" application component
2009/02/15 14:31:10 [trace] [system.base.CApplication] Loading "coreMessages" application component
2009/02/15 14:31:10 [trace] [system.base.CApplication] Loading "assetManager" application component
2009/02/15 14:31:13 [trace] [system.base.CApplication] Loading "log" application component
2009/02/15 14:31:13 [trace] [system.base.CApplication] Loading "urlManager" application component
2009/02/15 14:31:13 [trace] [system.base.CApplication] Loading "request" application component
2009/02/15 14:31:13 [trace] [system.web.filters.CFilterChain] Running filter UserController.filteraccessControl()
2009/02/15 14:31:13 [trace] [system.base.CApplication] Loading "user" application component
2009/02/15 14:31:13 [trace] [system.base.CApplication] Loading "session" application component
2009/02/15 14:31:13 [trace] [system.base.CApplication] Loading "db" application component
2009/02/15 14:31:13 [trace] [system.db.CDbCommand] query with SQL: SHOW COLUMNS FROM `User`
2009/02/15 14:31:13 [trace] [system.db.CDbCommand] query with SQL: SHOW CREATE TABLE `User`
2009/02/15 14:31:13 [trace] [system.db.CDbCommand] query with SQL: SELECT COUNT(*) FROM `User`
2009/02/15 14:31:13 [trace] [system.db.CDbCommand] query with SQL: SHOW COLUMNS FROM `Group`
2009/02/15 14:31:13 [trace] [system.db.CDbCommand] query with SQL: SHOW CREATE TABLE `Group`
2009/02/15 14:31:13 [trace] [system.db.CDbCommand] query with SQL: SELECT `User`.`id` AS t0_c0, `User`.`username` AS t0_c1, `User`.`password` AS t0_c2, `User`.`email` AS t0_c3, `User`.`email_visible` AS t0_c4, `User`.`notify_comments` AS t0_c5, `User`.`notify_messages` AS t0_c6, `User`.`about` AS t0_c7, `User`.`group_id` AS t0_c8, `User`.`email_confirmed` AS t0_c9, `User`.`created` AS t0_c10, `User`.`modified` AS t0_c11, t1.`id` AS t1_c0, t1.`name` AS t1_c1 FROM `User`  LEFT OUTER JOIN `Group` t1 ON `User`.`group_id`=t1.`id` ORDER BY user.group_id DESC LIMIT 25
2009/02/15 14:31:13 [trace] [system.base.CApplication] Loading "clientScript" application component
2009/02/15 14:31:13 [trace] [system.base.CApplication] Loading "coreMessages" application component
2009/02/15 14:31:13 [trace] [system.base.CApplication] Loading "assetManager" application component
2009/02/15 14:31:15 [trace] [system.base.CApplication] Loading "log" application component
2009/02/15 14:31:15 [trace] [system.base.CApplication] Loading "urlManager" application component
2009/02/15 14:31:15 [trace] [system.base.CApplication] Loading "request" application component
2009/02/15 14:31:15 [trace] [system.web.filters.CFilterChain] Running filter UserController.filteraccessControl()
2009/02/15 14:31:15 [trace] [system.base.CApplication] Loading "user" application component
2009/02/15 14:31:15 [trace] [system.base.CApplication] Loading "session" application component
2009/02/15 14:31:15 [trace] [system.base.CApplication] Loading "db" application component
2009/02/15 14:31:15 [trace] [system.db.CDbCommand] query with SQL: SHOW COLUMNS FROM `User`
2009/02/15 14:31:15 [trace] [system.db.CDbCommand] query with SQL: SHOW CREATE TABLE `User`
2009/02/15 14:31:15 [trace] [system.db.CDbCommand] query with SQL: SELECT COUNT(*) FROM `User`
2009/02/15 14:31:15 [trace] [system.db.CDbCommand] query with SQL: SHOW COLUMNS FROM `Group`
2009/02/15 14:31:15 [trace] [system.db.CDbCommand] query with SQL: SHOW CREATE TABLE `Group`
2009/02/15 14:31:15 [trace] [system.db.CDbCommand] query with SQL: SELECT `User`.`id` AS t0_c0, `User`.`username` AS t0_c1, `User`.`password` AS t0_c2, `User`.`email` AS t0_c3, `User`.`email_visible` AS t0_c4, `User`.`notify_comments` AS t0_c5, `User`.`notify_messages` AS t0_c6, `User`.`about` AS t0_c7, `User`.`group_id` AS t0_c8, `User`.`email_confirmed` AS t0_c9, `User`.`created` AS t0_c10, `User`.`modified` AS t0_c11, t1.`id` AS t1_c0, t1.`name` AS t1_c1 FROM `User`  LEFT OUTER JOIN `Group` t1 ON `User`.`group_id`=t1.`id` ORDER BY user.group_id DESC LIMIT 25 OFFSET 25
2009/02/15 14:31:15 [trace] [system.base.CApplication] Loading "coreMessages" application component
2009/02/15 14:31:15 [trace] [system.base.CApplication] Loading "clientScript" application component
2009/02/15 14:31:18 [trace] [system.base.CApplication] Loading "log" application component
2009/02/15 14:31:18 [trace] [system.base.CApplication] Loading "urlManager" application component
2009/02/15 14:31:18 [trace] [system.base.CApplication] Loading "request" application component
2009/02/15 14:31:18 [trace] [system.web.filters.CFilterChain] Running filter UserController.filteraccessControl()
2009/02/15 14:31:18 [trace] [system.base.CApplication] Loading "user" application component
2009/02/15 14:31:18 [trace] [system.base.CApplication] Loading "session" application component
2009/02/15 14:31:18 [trace] [system.base.CApplication] Loading "db" application component
2009/02/15 14:31:18 [trace] [system.db.CDbCommand] query with SQL: SHOW COLUMNS FROM `User`
2009/02/15 14:31:18 [trace] [system.db.CDbCommand] query with SQL: SHOW CREATE TABLE `User`
2009/02/15 14:31:18 [trace] [system.db.CDbCommand] query with SQL: SELECT COUNT(*) FROM `User`
2009/02/15 14:31:18 [trace] [system.db.CDbCommand] query with SQL: SHOW COLUMNS FROM `Group`
2009/02/15 14:31:18 [trace] [system.db.CDbCommand] query with SQL: SHOW CREATE TABLE `Group`
2009/02/15 14:31:18 [trace] [system.db.CDbCommand] query with SQL: SELECT `User`.`id` AS t0_c0, `User`.`username` AS t0_c1, `User`.`password` AS t0_c2, `User`.`email` AS t0_c3, `User`.`email_visible` AS t0_c4, `User`.`notify_comments` AS t0_c5, `User`.`notify_messages` AS t0_c6, `User`.`about` AS t0_c7, `User`.`group_id` AS t0_c8, `User`.`email_confirmed` AS t0_c9, `User`.`created` AS t0_c10, `User`.`modified` AS t0_c11, t1.`id` AS t1_c0, t1.`name` AS t1_c1 FROM `User`  LEFT OUTER JOIN `Group` t1 ON `User`.`group_id`=t1.`id` ORDER BY user.group_id LIMIT 25 OFFSET 25
2009/02/15 14:31:18 [trace] [system.base.CApplication] Loading "coreMessages" application component
2009/02/15 14:31:18 [trace] [system.base.CApplication] Loading "clientScript" application component
2009/02/15 14:31:19 [trace] [system.base.CApplication] Loading "log" application component
2009/02/15 14:31:19 [trace] [system.base.CApplication] Loading "urlManager" application component
2009/02/15 14:31:19 [trace] [system.base.CApplication] Loading "request" application component
2009/02/15 14:31:19 [trace] [system.web.filters.CFilterChain] Running filter UserController.filteraccessControl()
2009/02/15 14:31:19 [trace] [system.base.CApplication] Loading "user" application component
2009/02/15 14:31:19 [trace] [system.base.CApplication] Loading "session" application component
2009/02/15 14:31:19 [trace] [system.base.CApplication] Loading "db" application component
2009/02/15 14:31:19 [trace] [system.db.CDbCommand] query with SQL: SHOW COLUMNS FROM `User`
2009/02/15 14:31:19 [trace] [system.db.CDbCommand] query with SQL: SHOW CREATE TABLE `User`
2009/02/15 14:31:19 [trace] [system.db.CDbCommand] query with SQL: SELECT COUNT(*) FROM `User`
2009/02/15 14:31:19 [trace] [system.db.CDbCommand] query with SQL: SHOW COLUMNS FROM `Group`
2009/02/15 14:31:19 [trace] [system.db.CDbCommand] query with SQL: SHOW CREATE TABLE `Group`
2009/02/15 14:31:19 [trace] [system.db.CDbCommand] query with SQL: SELECT `User`.`id` AS t0_c0, `User`.`username` AS t0_c1, `User`.`password` AS t0_c2, `User`.`email` AS t0_c3, `User`.`email_visible` AS t0_c4, `User`.`notify_comments` AS t0_c5, `User`.`notify_messages` AS t0_c6, `User`.`about` AS t0_c7, `User`.`group_id` AS t0_c8, `User`.`email_confirmed` AS t0_c9, `User`.`created` AS t0_c10, `User`.`modified` AS t0_c11, t1.`id` AS t1_c0, t1.`name` AS t1_c1 FROM `User`  LEFT OUTER JOIN `Group` t1 ON `User`.`group_id`=t1.`id` ORDER BY user.group_id DESC LIMIT 25 OFFSET 25
2009/02/15 14:31:19 [trace] [system.base.CApplication] Loading "coreMessages" application component
2009/02/15 14:31:19 [trace] [system.base.CApplication] Loading "clientScript" application component
2009/02/15 14:31:20 [trace] [system.base.CApplication] Loading "log" application component
2009/02/15 14:31:20 [trace] [system.base.CApplication] Loading "urlManager" application component
2009/02/15 14:31:20 [trace] [system.base.CApplication] Loading "request" application component
2009/02/15 14:31:20 [trace] [system.web.filters.CFilterChain] Running filter UserController.filteraccessControl()
2009/02/15 14:31:20 [trace] [system.base.CApplication] Loading "user" application component
2009/02/15 14:31:20 [trace] [system.base.CApplication] Loading "session" application component
2009/02/15 14:31:20 [trace] [system.base.CApplication] Loading "db" application component
2009/02/15 14:31:20 [trace] [system.db.CDbCommand] query with SQL: SHOW COLUMNS FROM `User`
2009/02/15 14:31:20 [trace] [system.db.CDbCommand] query with SQL: SHOW CREATE TABLE `User`
2009/02/15 14:31:20 [trace] [system.db.CDbCommand] query with SQL: SELECT COUNT(*) FROM `User`
2009/02/15 14:31:20 [trace] [system.db.CDbCommand] query with SQL: SHOW COLUMNS FROM `Group`
2009/02/15 14:31:20 [trace] [system.db.CDbCommand] query with SQL: SHOW CREATE TABLE `Group`
2009/02/15 14:31:20 [trace] [system.db.CDbCommand] query with SQL: SELECT `User`.`id` AS t0_c0, `User`.`username` AS t0_c1, `User`.`password` AS t0_c2, `User`.`email` AS t0_c3, `User`.`email_visible` AS t0_c4, `User`.`notify_comments` AS t0_c5, `User`.`notify_messages` AS t0_c6, `User`.`about` AS t0_c7, `User`.`group_id` AS t0_c8, `User`.`email_confirmed` AS t0_c9, `User`.`created` AS t0_c10, `User`.`modified` AS t0_c11, t1.`id` AS t1_c0, t1.`name` AS t1_c1 FROM `User`  LEFT OUTER JOIN `Group` t1 ON `User`.`group_id`=t1.`id` ORDER BY user.email, user.group_id DESC LIMIT 25 OFFSET 25
2009/02/15 14:31:20 [trace] [system.base.CApplication] Loading "coreMessages" application component
2009/02/15 14:31:20 [trace] [system.base.CApplication] Loading "clientScript" application component
2009/02/15 14:31:20 [trace] [system.base.CApplication] Loading "log" application component
2009/02/15 14:31:20 [trace] [system.base.CApplication] Loading "urlManager" application component
2009/02/15 14:31:20 [trace] [system.base.CApplication] Loading "request" application component
2009/02/15 14:31:20 [trace] [system.web.filters.CFilterChain] Running filter UserController.filteraccessControl()
2009/02/15 14:31:20 [trace] [system.base.CApplication] Loading "user" application component
2009/02/15 14:31:20 [trace] [system.base.CApplication] Loading "session" application component
2009/02/15 14:31:20 [trace] [system.base.CApplication] Loading "db" application component
2009/02/15 14:31:21 [trace] [system.db.CDbCommand] query with SQL: SHOW COLUMNS FROM `User`
2009/02/15 14:31:21 [trace] [system.db.CDbCommand] query with SQL: SHOW CREATE TABLE `User`
2009/02/15 14:31:21 [trace] [system.db.CDbCommand] query with SQL: SELECT COUNT(*) FROM `User`
2009/02/15 14:31:21 [trace] [system.db.CDbCommand] query with SQL: SHOW COLUMNS FROM `Group`
2009/02/15 14:31:21 [trace] [system.db.CDbCommand] query with SQL: SHOW CREATE TABLE `Group`
2009/02/15 14:31:21 [trace] [system.db.CDbCommand] query with SQL: SELECT `User`.`id` AS t0_c0, `User`.`username` AS t0_c1, `User`.`password` AS t0_c2, `User`.`email` AS t0_c3, `User`.`email_visible` AS t0_c4, `User`.`notify_comments` AS t0_c5, `User`.`notify_messages` AS t0_c6, `User`.`about` AS t0_c7, `User`.`group_id` AS t0_c8, `User`.`email_confirmed` AS t0_c9, `User`.`created` AS t0_c10, `User`.`modified` AS t0_c11, t1.`id` AS t1_c0, t1.`name` AS t1_c1 FROM `User`  LEFT OUTER JOIN `Group` t1 ON `User`.`group_id`=t1.`id` ORDER BY user.email DESC, user.group_id DESC LIMIT 25 OFFSET 25
2009/02/15 14:31:21 [trace] [system.base.CApplication] Loading "coreMessages" application component
2009/02/15 14:31:21 [trace] [system.base.CApplication] Loading "clientScript" application component
